# JRE version: OpenJDK Runtime Environment (17.0.6) (build 17.0.6+0-b2043.56-10027231)
# Java VM: OpenJDK 64-Bit Server VM (17.0.6+0-b2043.56-10027231, mixed mode, tiered, compressed oops, compressed class ptrs, g1 gc, windows-amd64)
GC Precious Log:
 CPUs: 8 total, 8 available
 Memory: 4005M
 Large Page Support: Disabled
 NUMA Support: Disabled
 Compressed Oops: Enabled (32-bit)
 Heap Region Size: 1M
 Heap Min Capacity: 8M
 Heap Initial Capacity: 64M
 Heap Max Capacity: 2G
 Pre-touch: Disabled
 Parallel Workers: 8
 Concurrent Workers: 2
 Concurrent Refinement Workers: 8
 Periodic GC: Disabled
Heap:
 garbage-first heap   total 467968K, used 382066K [0x0000000080000000, 0x0000000100000000)
  region size 1024K, 45 young (46080K), 4 survivors (4096K)
 Metaspace       used 152164K, committed 153792K, reserved 1187840K
  class space    used 20677K, committed 21440K, reserved 1048576K
GC Heap History (20 events):
Event: 3083.885 GC heap before
{Heap before GC invocations=78 (full 0):
 garbage-first heap   total 467968K, used 388689K [0x0000000080000000, 0x0000000100000000)
  region size 1024K, 82 young (83968K), 7 survivors (7168K)
 Metaspace       used 150133K, committed 151552K, reserved 1187840K
  class space    used 20516K, committed 21184K, reserved 1048576K
}
Event: 3083.922 GC heap after
{Heap after GC invocations=79 (full 0):
 garbage-first heap   total 467968K, used 318230K [0x0000000080000000, 0x0000000100000000)
  region size 1024K, 6 young (6144K), 6 survivors (6144K)
 Metaspace       used 150133K, committed 151552K, reserved 1187840K
  class space    used 20516K, committed 21184K, reserved 1048576K
}
Event: 3257.828 GC heap before
{Heap before GC invocations=79 (full 0):
 garbage-first heap   total 467968K, used 431894K [0x0000000080000000, 0x0000000100000000)
  region size 1024K, 79 young (80896K), 6 survivors (6144K)
 Metaspace       used 150429K, committed 151872K, reserved 1187840K
  class space    used 20553K, committed 21248K, reserved 1048576K
}
Event: 3257.926 GC heap after
{Heap after GC invocations=80 (full 0):
 garbage-first heap   total 467968K, used 321480K [0x0000000080000000, 0x0000000100000000)
  region size 1024K, 7 young (7168K), 7 survivors (7168K)
 Metaspace       used 150429K, committed 151872K, reserved 1187840K
  class space    used 20553K, committed 21248K, reserved 1048576K
}
Event: 3262.862 GC heap before
{Heap before GC invocations=80 (full 0):
 garbage-first heap   total 467968K, used 430024K [0x0000000080000000, 0x0000000100000000)
  region size 1024K, 79 young (80896K), 7 survivors (7168K)
 Metaspace       used 150586K, committed 152000K, reserved 1187840K
  class space    used 20559K, committed 21248K, reserved 1048576K
}
Event: 3262.923 GC heap after
{Heap after GC invocations=81 (full 0):
 garbage-first heap   total 467968K, used 347100K [0x0000000080000000, 0x0000000100000000)
  region size 1024K, 6 young (6144K), 6 survivors (6144K)
 Metaspace       used 150586K, committed 152000K, reserved 1187840K
  class space    used 20559K, committed 21248K, reserved 1048576K
}
Event: 3797.577 GC heap before
{Heap before GC invocations=81 (full 0):
 garbage-first heap   total 467968K, used 402396K [0x0000000080000000, 0x0000000100000000)
  region size 1024K, 58 young (59392K), 6 survivors (6144K)
 Metaspace       used 150634K, committed 152064K, reserved 1187840K
  class space    used 20560K, committed 21248K, reserved 1048576K
}
Event: 3797.634 GC heap after
{Heap after GC invocations=82 (full 0):
 garbage-first heap   total 467968K, used 325745K [0x0000000080000000, 0x0000000100000000)
  region size 1024K, 3 young (3072K), 3 survivors (3072K)
 Metaspace       used 150634K, committed 152064K, reserved 1187840K
  class space    used 20560K, committed 21248K, reserved 1048576K
}
Event: 3802.042 GC heap before
{Heap before GC invocations=82 (full 0):
 garbage-first heap   total 467968K, used 418929K [0x0000000080000000, 0x0000000100000000)
  region size 1024K, 76 young (77824K), 3 survivors (3072K)
 Metaspace       used 150958K, committed 152512K, reserved 1187840K
  class space    used 20619K, committed 21376K, reserved 1048576K
}
Event: 3802.082 GC heap after
{Heap after GC invocations=83 (full 0):
 garbage-first heap   total 467968K, used 330175K [0x0000000080000000, 0x0000000100000000)
  region size 1024K, 7 young (7168K), 7 survivors (7168K)
 Metaspace       used 150958K, committed 152512K, reserved 1187840K
  class space    used 20619K, committed 21376K, reserved 1048576K
}
Event: 3808.647 GC heap before
{Heap before GC invocations=83 (full 0):
 garbage-first heap   total 467968K, used 400831K [0x0000000080000000, 0x0000000100000000)
  region size 1024K, 77 young (78848K), 7 survivors (7168K)
 Metaspace       used 151250K, committed 152896K, reserved 1187840K
  class space    used 20663K, committed 21440K, reserved 1048576K
}
Event: 3808.686 GC heap after
{Heap after GC invocations=84 (full 0):
 garbage-first heap   total 467968K, used 334879K [0x0000000080000000, 0x0000000100000000)
  region size 1024K, 10 young (10240K), 10 survivors (10240K)
 Metaspace       used 151250K, committed 152896K, reserved 1187840K
  class space    used 20663K, committed 21440K, reserved 1048576K
}
Event: 3810.850 GC heap before
{Heap before GC invocations=84 (full 0):
 garbage-first heap   total 467968K, used 405535K [0x0000000080000000, 0x0000000100000000)
  region size 1024K, 76 young (77824K), 10 survivors (10240K)
 Metaspace       used 151517K, committed 153088K, reserved 1187840K
  class space    used 20673K, committed 21440K, reserved 1048576K
}
Event: 3810.880 GC heap after
{Heap after GC invocations=85 (full 0):
 garbage-first heap   total 467968K, used 342806K [0x0000000080000000, 0x0000000100000000)
  region size 1024K, 10 young (10240K), 10 survivors (10240K)
 Metaspace       used 151517K, committed 153088K, reserved 1187840K
  class space    used 20673K, committed 21440K, reserved 1048576K
}
Event: 3811.674 GC heap before
{Heap before GC invocations=85 (full 0):
 garbage-first heap   total 467968K, used 403222K [0x0000000080000000, 0x0000000100000000)
  region size 1024K, 69 young (70656K), 10 survivors (10240K)
 Metaspace       used 151961K, committed 153536K, reserved 1187840K
  class space    used 20674K, committed 21440K, reserved 1048576K
}
Event: 3811.689 GC heap after
{Heap after GC invocations=86 (full 0):
 garbage-first heap   total 467968K, used 339648K [0x0000000080000000, 0x0000000100000000)
  region size 1024K, 3 young (3072K), 3 survivors (3072K)
 Metaspace       used 151961K, committed 153536K, reserved 1187840K
  class space    used 20674K, committed 21440K, reserved 1048576K
}
Event: 3812.352 GC heap before
{Heap before GC invocations=86 (full 0):
 garbage-first heap   total 467968K, used 404160K [0x0000000080000000, 0x0000000100000000)
  region size 1024K, 38 young (38912K), 3 survivors (3072K)
 Metaspace       used 152039K, committed 153664K, reserved 1187840K
  class space    used 20674K, committed 21440K, reserved 1048576K
}
Event: 3812.378 GC heap after
{Heap after GC invocations=87 (full 0):
 garbage-first heap   total 467968K, used 360291K [0x0000000080000000, 0x0000000100000000)
  region size 1024K, 2 young (2048K), 2 survivors (2048K)
 Metaspace       used 152039K, committed 153664K, reserved 1187840K
  class space    used 20674K, committed 21440K, reserved 1048576K
}
Event: 3864.114 GC heap before
{Heap before GC invocations=87 (full 0):
 garbage-first heap   total 467968K, used 420707K [0x0000000080000000, 0x0000000100000000)
  region size 1024K, 49 young (50176K), 2 survivors (2048K)
 Metaspace       used 152071K, committed 153664K, reserved 1187840K
  class space    used 20674K, committed 21440K, reserved 1048576K
}
Event: 3864.196 GC heap after
{Heap after GC invocations=88 (full 0):
 garbage-first heap   total 467968K, used 340082K [0x0000000080000000, 0x0000000100000000)
  region size 1024K, 4 young (4096K), 4 survivors (4096K)
 Metaspace       used 152071K, committed 153664K, reserved 1187840K
  class space    used 20674K, committed 21440K, reserved 1048576K
}

